\BOOKMARK [0][-]{chapter*.1}{\376\377\000A\000b\000s\000t\000r\000a\000c\000t}{}% 1
\BOOKMARK [0][-]{chapter.1}{\376\377\000I\000n\000t\000r\000o\000d\000u\000c\000t\000i\000o\000n}{}% 2
\BOOKMARK [1][-]{section.1.1}{\376\377\000O\000v\000e\000r\000v\000i\000e\000w\000\040\000a\000n\000d\000\040\000V\000i\000s\000i\000o\000n}{chapter.1}% 3
\BOOKMARK [2][-]{subsection.1.1.1}{\376\377\000P\000r\000o\000b\000l\000e\000m\000\040\000S\000t\000a\000t\000e\000m\000e\000n\000t}{section.1.1}% 4
\BOOKMARK [2][-]{subsection.1.1.2}{\376\377\000S\000o\000l\000u\000t\000i\000o\000n\000\040\000A\000p\000p\000r\000o\000a\000c\000h}{section.1.1}% 5
\BOOKMARK [1][-]{section.1.2}{\376\377\000K\000e\000y\000\040\000F\000e\000a\000t\000u\000r\000e\000s}{chapter.1}% 6
\BOOKMARK [0][-]{chapter.2}{\376\377\000T\000e\000c\000h\000n\000i\000c\000a\000l\000\040\000A\000r\000c\000h\000i\000t\000e\000c\000t\000u\000r\000e}{}% 7
\BOOKMARK [1][-]{section.2.1}{\376\377\000S\000y\000s\000t\000e\000m\000\040\000O\000v\000e\000r\000v\000i\000e\000w}{chapter.2}% 8
\BOOKMARK [2][-]{subsection.2.1.1}{\376\377\000T\000h\000e\000\040\000G\000a\000t\000e\000w\000a\000y\000\040\000C\000o\000n\000c\000e\000p\000t}{section.2.1}% 9
\BOOKMARK [2][-]{subsection.2.1.2}{\376\377\000A\000r\000c\000h\000i\000t\000e\000c\000t\000u\000r\000e\000\040\000D\000i\000a\000g\000r\000a\000m}{section.2.1}% 10
\BOOKMARK [1][-]{section.2.2}{\376\377\000D\000a\000t\000a\000\040\000F\000l\000o\000w\000\040\000P\000i\000p\000e\000l\000i\000n\000e}{chapter.2}% 11
\BOOKMARK [1][-]{section.2.3}{\376\377\000C\000o\000m\000p\000o\000n\000e\000n\000t\000\040\000I\000n\000t\000e\000r\000a\000c\000t\000i\000o\000n}{chapter.2}% 12
\BOOKMARK [2][-]{subsection.2.3.1}{\376\377\000F\000r\000o\000n\000t\000e\000n\000d\000-\000B\000a\000c\000k\000e\000n\000d\000\040\000C\000o\000m\000m\000u\000n\000i\000c\000a\000t\000i\000o\000n}{section.2.3}% 13
\BOOKMARK [2][-]{subsection.2.3.2}{\376\377\000C\000O\000R\000S\000\040\000C\000o\000n\000f\000i\000g\000u\000r\000a\000t\000i\000o\000n}{section.2.3}% 14
\BOOKMARK [0][-]{chapter.3}{\376\377\000D\000e\000s\000i\000g\000n\000\040\000P\000a\000t\000t\000e\000r\000n\000s\000\040\000A\000n\000a\000l\000y\000s\000i\000s}{}% 15
\BOOKMARK [1][-]{section.3.1}{\376\377\000I\000m\000p\000l\000e\000m\000e\000n\000t\000e\000d\000\040\000P\000a\000t\000t\000e\000r\000n\000s}{chapter.3}% 16
\BOOKMARK [2][-]{subsection.3.1.1}{\376\377\000C\000h\000a\000i\000n\000\040\000o\000f\000\040\000R\000e\000s\000p\000o\000n\000s\000i\000b\000i\000l\000i\000t\000y\000\040\000P\000a\000t\000t\000e\000r\000n}{section.3.1}% 17
\BOOKMARK [2][-]{subsection.3.1.2}{\376\377\000S\000t\000r\000a\000t\000e\000g\000y\000\040\000P\000a\000t\000t\000e\000r\000n}{section.3.1}% 18
\BOOKMARK [2][-]{subsection.3.1.3}{\376\377\000O\000b\000s\000e\000r\000v\000e\000r\000\040\000P\000a\000t\000t\000e\000r\000n}{section.3.1}% 19
\BOOKMARK [2][-]{subsection.3.1.4}{\376\377\000F\000a\000c\000a\000d\000e\000\040\000P\000a\000t\000t\000e\000r\000n}{section.3.1}% 20
\BOOKMARK [2][-]{subsection.3.1.5}{\376\377\000D\000e\000c\000o\000r\000a\000t\000o\000r\000\040\000P\000a\000t\000t\000e\000r\000n}{section.3.1}% 21
\BOOKMARK [1][-]{section.3.2}{\376\377\000P\000a\000t\000t\000e\000r\000n\000\040\000I\000m\000p\000l\000e\000m\000e\000n\000t\000a\000t\000i\000o\000n\000\040\000S\000u\000m\000m\000a\000r\000y}{chapter.3}% 22
\BOOKMARK [1][-]{section.3.3}{\376\377\000B\000e\000n\000e\000f\000i\000t\000s\000\040\000a\000n\000d\000\040\000I\000m\000p\000a\000c\000t}{chapter.3}% 23
\BOOKMARK [0][-]{chapter.4}{\376\377\000T\000e\000c\000h\000n\000o\000l\000o\000g\000y\000\040\000S\000t\000a\000c\000k}{}% 24
\BOOKMARK [1][-]{section.4.1}{\376\377\000B\000a\000c\000k\000e\000n\000d\000\040\000T\000e\000c\000h\000n\000o\000l\000o\000g\000i\000e\000s}{chapter.4}% 25
\BOOKMARK [2][-]{subsection.4.1.1}{\376\377\000P\000y\000t\000h\000o\000n\000\040\000F\000l\000a\000s\000k\000\040\000F\000r\000a\000m\000e\000w\000o\000r\000k}{section.4.1}% 26
\BOOKMARK [2][-]{subsection.4.1.2}{\376\377\000A\000I\000\040\000I\000n\000t\000e\000g\000r\000a\000t\000i\000o\000n}{section.4.1}% 27
\BOOKMARK [2][-]{subsection.4.1.3}{\376\377\000D\000a\000t\000a\000\040\000P\000r\000o\000c\000e\000s\000s\000i\000n\000g\000\040\000L\000i\000b\000r\000a\000r\000i\000e\000s}{section.4.1}% 28
\BOOKMARK [2][-]{subsection.4.1.4}{\376\377\000D\000a\000t\000a\000b\000a\000s\000e\000\040\000C\000o\000n\000n\000e\000c\000t\000i\000v\000i\000t\000y}{section.4.1}% 29
\BOOKMARK [1][-]{section.4.2}{\376\377\000F\000r\000o\000n\000t\000e\000n\000d\000\040\000T\000e\000c\000h\000n\000o\000l\000o\000g\000i\000e\000s}{chapter.4}% 30
\BOOKMARK [2][-]{subsection.4.2.1}{\376\377\000R\000e\000a\000c\000t\000\040\0001\0008\000\040\000w\000i\000t\000h\000\040\000V\000i\000t\000e}{section.4.2}% 31
\BOOKMARK [2][-]{subsection.4.2.2}{\376\377\000S\000t\000a\000t\000e\000\040\000M\000a\000n\000a\000g\000e\000m\000e\000n\000t}{section.4.2}% 32
\BOOKMARK [2][-]{subsection.4.2.3}{\376\377\000S\000t\000y\000l\000i\000n\000g}{section.4.2}% 33
\BOOKMARK [1][-]{section.4.3}{\376\377\000I\000n\000f\000r\000a\000s\000t\000r\000u\000c\000t\000u\000r\000e}{chapter.4}% 34
\BOOKMARK [2][-]{subsection.4.3.1}{\376\377\000D\000a\000t\000a\000b\000a\000s\000e}{section.4.3}% 35
\BOOKMARK [2][-]{subsection.4.3.2}{\376\377\000C\000o\000n\000t\000a\000i\000n\000e\000r\000i\000z\000a\000t\000i\000o\000n}{section.4.3}% 36
\BOOKMARK [2][-]{subsection.4.3.3}{\376\377\000D\000e\000p\000e\000n\000d\000e\000n\000c\000i\000e\000s\000\040\000S\000u\000m\000m\000a\000r\000y}{section.4.3}% 37
\BOOKMARK [0][-]{chapter.5}{\376\377\000C\000o\000r\000e\000\040\000C\000o\000m\000p\000o\000n\000e\000n\000t\000s}{}% 38
\BOOKMARK [1][-]{section.5.1}{\376\377\000P\000a\000t\000i\000e\000n\000t\000\040\000M\000a\000n\000a\000g\000e\000m\000e\000n\000t}{chapter.5}% 39
\BOOKMARK [1][-]{section.5.2}{\376\377\000D\000o\000c\000t\000o\000r\000\040\000A\000u\000t\000h\000e\000n\000t\000i\000c\000a\000t\000i\000o\000n}{chapter.5}% 40
\BOOKMARK [2][-]{subsection.5.2.1}{\376\377\000D\000o\000c\000t\000o\000r\000\040\000I\000D\000\040\000G\000e\000n\000e\000r\000a\000t\000i\000o\000n\000\040\000A\000l\000g\000o\000r\000i\000t\000h\000m}{section.5.2}% 41
\BOOKMARK [2][-]{subsection.5.2.2}{\376\377\000A\000d\000m\000i\000n\000-\000C\000o\000n\000t\000r\000o\000l\000l\000e\000d\000\040\000R\000e\000g\000i\000s\000t\000r\000a\000t\000i\000o\000n}{section.5.2}% 42
\BOOKMARK [2][-]{subsection.5.2.3}{\376\377\000A\000u\000t\000h\000e\000n\000t\000i\000c\000a\000t\000i\000o\000n\000\040\000F\000e\000a\000t\000u\000r\000e\000s}{section.5.2}% 43
\BOOKMARK [1][-]{section.5.3}{\376\377\000C\000l\000i\000n\000i\000c\000a\000l\000\040\000R\000e\000c\000o\000r\000d\000s}{chapter.5}% 44
\BOOKMARK [2][-]{subsection.5.3.1}{\376\377\000V\000i\000t\000a\000l\000\040\000S\000i\000g\000n\000s\000\040\000R\000e\000f\000e\000r\000e\000n\000c\000e}{section.5.3}% 45
\BOOKMARK [1][-]{section.5.4}{\376\377\000P\000D\000F\000\040\000E\000x\000p\000o\000r\000t}{chapter.5}% 46
\BOOKMARK [0][-]{chapter.6}{\376\377\000A\000I\000\040\000a\000n\000d\000\040\000D\000i\000a\000g\000n\000o\000s\000t\000i\000c\000s\000\040\000E\000n\000g\000i\000n\000e}{}% 47
\BOOKMARK [1][-]{section.6.1}{\376\377\000O\000v\000e\000r\000v\000i\000e\000w}{chapter.6}% 48
\BOOKMARK [1][-]{section.6.2}{\376\377\000M\000u\000l\000t\000i\000m\000o\000d\000a\000l\000\040\000C\000a\000p\000a\000b\000i\000l\000i\000t\000i\000e\000s}{chapter.6}% 49
\BOOKMARK [1][-]{section.6.3}{\376\377\000S\000t\000r\000u\000c\000t\000u\000r\000e\000d\000\040\000O\000u\000t\000p\000u\000t}{chapter.6}% 50
\BOOKMARK [1][-]{section.6.4}{\376\377\000E\000r\000r\000o\000r\000\040\000H\000a\000n\000d\000l\000i\000n\000g}{chapter.6}% 51
\BOOKMARK [1][-]{section.6.5}{\376\377\000M\000e\000d\000i\000c\000a\000l\000\040\000C\000h\000a\000t\000b\000o\000t}{chapter.6}% 52
\BOOKMARK [0][-]{chapter.7}{\376\377\000S\000e\000c\000u\000r\000i\000t\000y\000\040\000a\000n\000d\000\040\000P\000r\000i\000v\000a\000c\000y}{}% 53
\BOOKMARK [1][-]{section.7.1}{\376\377\000A\000u\000t\000h\000e\000n\000t\000i\000c\000a\000t\000i\000o\000n\000\040\000S\000y\000s\000t\000e\000m}{chapter.7}% 54
\BOOKMARK [2][-]{subsection.7.1.1}{\376\377\000A\000c\000c\000e\000s\000s\000\040\000C\000o\000n\000t\000r\000o\000l\000\040\000a\000n\000d\000\040\000R\000e\000g\000i\000s\000t\000r\000a\000t\000i\000o\000n\000\040\000S\000e\000c\000u\000r\000i\000t\000y}{section.7.1}% 55
\BOOKMARK [2][-]{subsection.7.1.2}{\376\377\000U\000s\000e\000r\000\040\000M\000a\000n\000a\000g\000e\000m\000e\000n\000t\000\040\000S\000y\000s\000t\000e\000m}{section.7.1}% 56
\BOOKMARK [2][-]{subsection.7.1.3}{\376\377\000D\000o\000c\000t\000o\000r\000\040\000R\000e\000g\000i\000s\000t\000r\000a\000t\000i\000o\000n}{section.7.1}% 57
\BOOKMARK [2][-]{subsection.7.1.4}{\376\377\000S\000e\000s\000s\000i\000o\000n\000\040\000M\000a\000n\000a\000g\000e\000m\000e\000n\000t}{section.7.1}% 58
\BOOKMARK [1][-]{section.7.2}{\376\377\000D\000a\000t\000a\000\040\000P\000r\000o\000t\000e\000c\000t\000i\000o\000n}{chapter.7}% 59
\BOOKMARK [2][-]{subsection.7.2.1}{\376\377\000D\000a\000t\000a\000\040\000a\000t\000\040\000R\000e\000s\000t}{section.7.2}% 60
\BOOKMARK [2][-]{subsection.7.2.2}{\376\377\000D\000a\000t\000a\000\040\000i\000n\000\040\000T\000r\000a\000n\000s\000i\000t}{section.7.2}% 61
\BOOKMARK [2][-]{subsection.7.2.3}{\376\377\000A\000n\000o\000n\000y\000m\000i\000z\000a\000t\000i\000o\000n}{section.7.2}% 62
\BOOKMARK [1][-]{section.7.3}{\376\377\000A\000u\000d\000i\000t\000\040\000L\000o\000g\000g\000i\000n\000g}{chapter.7}% 63
\BOOKMARK [1][-]{section.7.4}{\376\377\000C\000o\000m\000p\000l\000i\000a\000n\000c\000e}{chapter.7}% 64
\BOOKMARK [0][-]{chapter.8}{\376\377\000D\000a\000t\000a\000b\000a\000s\000e\000\040\000A\000r\000c\000h\000i\000t\000e\000c\000t\000u\000r\000e}{}% 65
\BOOKMARK [1][-]{section.8.1}{\376\377\000M\000o\000n\000g\000o\000D\000B\000\040\000C\000o\000l\000l\000e\000c\000t\000i\000o\000n\000s}{chapter.8}% 66
\BOOKMARK [1][-]{section.8.2}{\376\377\000I\000n\000d\000e\000x\000i\000n\000g\000\040\000S\000t\000r\000a\000t\000e\000g\000y}{chapter.8}% 67
\BOOKMARK [1][-]{section.8.3}{\376\377\000C\000o\000n\000n\000e\000c\000t\000i\000o\000n\000\040\000C\000o\000n\000f\000i\000g\000u\000r\000a\000t\000i\000o\000n}{chapter.8}% 68
\BOOKMARK [0][-]{chapter.9}{\376\377\000D\000e\000p\000l\000o\000y\000m\000e\000n\000t\000\040\000G\000u\000i\000d\000e}{}% 69
\BOOKMARK [1][-]{section.9.1}{\376\377\000D\000o\000c\000k\000e\000r\000\040\000D\000e\000p\000l\000o\000y\000m\000e\000n\000t}{chapter.9}% 70
\BOOKMARK [2][-]{subsection.9.1.1}{\376\377\000Q\000u\000i\000c\000k\000\040\000S\000t\000a\000r\000t}{section.9.1}% 71
\BOOKMARK [1][-]{section.9.2}{\376\377\000M\000a\000n\000u\000a\000l\000\040\000D\000e\000p\000l\000o\000y\000m\000e\000n\000t}{chapter.9}% 72
\BOOKMARK [2][-]{subsection.9.2.1}{\376\377\000B\000a\000c\000k\000e\000n\000d}{section.9.2}% 73
\BOOKMARK [2][-]{subsection.9.2.2}{\376\377\000F\000r\000o\000n\000t\000e\000n\000d}{section.9.2}% 74
\BOOKMARK [1][-]{section.9.3}{\376\377\000R\000e\000n\000d\000e\000r\000\040\000D\000e\000p\000l\000o\000y\000m\000e\000n\000t}{chapter.9}% 75
\BOOKMARK [2][-]{subsection.9.3.1}{\376\377\000P\000l\000a\000t\000f\000o\000r\000m\000\040\000O\000v\000e\000r\000v\000i\000e\000w}{section.9.3}% 76
\BOOKMARK [2][-]{subsection.9.3.2}{\376\377\000S\000e\000r\000v\000i\000c\000e\000\040\000C\000o\000n\000f\000i\000g\000u\000r\000a\000t\000i\000o\000n}{section.9.3}% 77
\BOOKMARK [2][-]{subsection.9.3.3}{\376\377\000D\000e\000p\000l\000o\000y\000m\000e\000n\000t\000\040\000S\000t\000e\000p\000s}{section.9.3}% 78
\BOOKMARK [2][-]{subsection.9.3.4}{\376\377\000E\000n\000v\000i\000r\000o\000n\000m\000e\000n\000t\000\040\000C\000o\000n\000f\000i\000g\000u\000r\000a\000t\000i\000o\000n\000\040\000o\000n\000\040\000R\000e\000n\000d\000e\000r}{section.9.3}% 79
\BOOKMARK [2][-]{subsection.9.3.5}{\376\377\000P\000r\000o\000d\000u\000c\000t\000i\000o\000n\000\040\000C\000o\000n\000s\000i\000d\000e\000r\000a\000t\000i\000o\000n\000s}{section.9.3}% 80
\BOOKMARK [2][-]{subsection.9.3.6}{\376\377\000C\000o\000n\000t\000i\000n\000u\000o\000u\000s\000\040\000D\000e\000p\000l\000o\000y\000m\000e\000n\000t\000\040\000W\000o\000r\000k\000f\000l\000o\000w}{section.9.3}% 81
\BOOKMARK [1][-]{section.9.4}{\376\377\000E\000n\000v\000i\000r\000o\000n\000m\000e\000n\000t\000\040\000V\000a\000r\000i\000a\000b\000l\000e\000s}{chapter.9}% 82
\BOOKMARK [1][-]{section.9.5}{\376\377\000T\000r\000o\000u\000b\000l\000e\000s\000h\000o\000o\000t\000i\000n\000g}{chapter.9}% 83
\BOOKMARK [0][-]{chapter.10}{\376\377\000F\000u\000t\000u\000r\000e\000\040\000I\000m\000p\000r\000o\000v\000e\000m\000e\000n\000t\000s}{}% 84
\BOOKMARK [1][-]{section.10.1}{\376\377\000E\000n\000h\000a\000n\000c\000e\000d\000\040\000S\000e\000c\000u\000r\000i\000t\000y}{chapter.10}% 85
\BOOKMARK [1][-]{section.10.2}{\376\377\000N\000a\000t\000i\000v\000e\000\040\000A\000p\000p\000l\000i\000c\000a\000t\000i\000o\000n\000s}{chapter.10}% 86
\BOOKMARK [1][-]{section.10.3}{\376\377\000O\000C\000R\000\040\000I\000n\000t\000e\000g\000r\000a\000t\000i\000o\000n}{chapter.10}% 87
\BOOKMARK [1][-]{section.10.4}{\376\377\000A\000d\000d\000i\000t\000i\000o\000n\000a\000l\000\040\000F\000e\000a\000t\000u\000r\000e\000s}{chapter.10}% 88
\BOOKMARK [1][-]{section.10.5}{\376\377\000I\000m\000p\000l\000e\000m\000e\000n\000t\000a\000t\000i\000o\000n\000\040\000R\000o\000a\000d\000m\000a\000p}{chapter.10}% 89
\BOOKMARK [0][-]{chapter.11}{\376\377\000C\000o\000n\000c\000l\000u\000s\000i\000o\000n}{}% 90
\BOOKMARK [1][-]{section.11.1}{\376\377\000S\000u\000m\000m\000a\000r\000y}{chapter.11}% 91
\BOOKMARK [1][-]{section.11.2}{\376\377\000T\000e\000c\000h\000n\000i\000c\000a\000l\000\040\000E\000x\000c\000e\000l\000l\000e\000n\000c\000e}{chapter.11}% 92
\BOOKMARK [1][-]{section.11.3}{\376\377\000F\000u\000t\000u\000r\000e\000\040\000V\000i\000s\000i\000o\000n}{chapter.11}% 93
\BOOKMARK [0][-]{appendix.A}{\376\377\000A\000P\000I\000\040\000R\000e\000f\000e\000r\000e\000n\000c\000e}{}% 94
\BOOKMARK [1][-]{section.A.1}{\376\377\000P\000r\000i\000n\000c\000i\000p\000a\000l\000i\000\040\000E\000n\000d\000p\000o\000i\000n\000t}{appendix.A}% 95
